<?xml version="1.0" encoding="UTF-8"?>
<Site BuildName="Linux-g++"
	BuildStamp="20240601-0537-Experimental"
	Name="whbs-omen"
	Generator="ctest-3.16.3"
	CompilerName="/usr/bin/g++"
	CompilerVersion="9.4.0"
	OSName="Linux"
	Hostname="whbs-omen"
	OSRelease="5.15.0-107-generic"
	OSVersion="#117~20.04.1-Ubuntu SMP Tue Apr 30 10:35:57 UTC 2024"
	OSPlatform="x86_64"
	Is64Bits="1"
	VendorString="GenuineIntel"
	VendorID="Intel Corporation"
	FamilyID="6"
	ModelID="191"
	ProcessorCacheSize="30720"
	NumberOfLogicalCPU="24"
	NumberOfPhysicalCPU="16"
	TotalVirtualMemory="9535"
	TotalPhysicalMemory="13664"
	LogicalProcessorsPerPhysical="1"
	ProcessorClockFrequency="3350.08"
	>
	<Testing>
		<StartDateTime>Jun 01 13:42 CST</StartDateTime>
		<StartTestTime>1717220577</StartTestTime>
		<TestList/>
		<EndDateTime>Jun 01 13:42 CST</EndDateTime>
		<EndTestTime>1717220577</EndTestTime>
		<ElapsedMinutes>0</ElapsedMinutes>
	</Testing>
</Site>
