<?xml version="1.0" encoding="UTF-8"?>
<Site BuildName="Linux-g++"
	BuildStamp="20240525-0101-Experimental"
	Name="whbs-omen"
	Generator="ctest-3.16.3"
	CompilerName="/usr/bin/g++"
	CompilerVersion="9.4.0"
	OSName="Linux"
	Hostname="whbs-omen"
	OSRelease="5.15.0-106-generic"
	OSVersion="#116~20.04.1-Ubuntu SMP Wed Apr 17 13:21:53 UTC 2024"
	OSPlatform="x86_64"
	Is64Bits="1"
	VendorString="GenuineIntel"
	VendorID="Intel Corporation"
	FamilyID="6"
	ModelID="191"
	ProcessorCacheSize="30720"
	NumberOfLogicalCPU="24"
	NumberOfPhysicalCPU="16"
	TotalVirtualMemory="9535"
	TotalPhysicalMemory="15680"
	LogicalProcessorsPerPhysical="1"
	ProcessorClockFrequency="3112.47"
	>
	<Testing>
		<StartDateTime>May 25 21:51 CST</StartDateTime>
		<StartTestTime>1716645085</StartTestTime>
		<TestList/>
		<EndDateTime>May 25 21:51 CST</EndDateTime>
		<EndTestTime>1716645085</EndTestTime>
		<ElapsedMinutes>0</ElapsedMinutes>
	</Testing>
</Site>
